<?xml version="1.0" encoding="UTF-8"?>
<testng-results skipped="0" failed="0" total="1" passed="1">
  <reporter-output>
  </reporter-output>
  <suite name="amazon.AmazonTest" duration-ms="9030" started-at="2021-06-04T01:08:17Z" finished-at="2021-06-04T01:08:26Z">
    <groups>
    </groups>
    <test name="Command line test" duration-ms="9030" started-at="2021-06-04T01:08:17Z" finished-at="2021-06-04T01:08:26Z">
      <class name="amazon.AmazonTest">
        <test-method status="PASS" signature="startUpBrowser()[pri:0, instance:amazon.AmazonTest@1a245833]" name="startUpBrowser" is-config="true" duration-ms="4" started-at="2021-06-03T20:08:17Z" finished-at="2021-06-03T20:08:17Z">
          <reporter-output>
          </reporter-output>
        </test-method> <!-- startUpBrowser -->
        <test-method status="PASS" signature="goToHomePage()[pri:0, instance:amazon.AmazonTest@1a245833]" name="goToHomePage" is-config="true" duration-ms="1263" started-at="2021-06-03T20:08:17Z" finished-at="2021-06-03T20:08:18Z">
          <reporter-output>
          </reporter-output>
        </test-method> <!-- goToHomePage -->
        <test-method status="PASS" signature="DemoEquifaxAmazon()[pri:0, instance:amazon.AmazonTest@1a245833]" name="DemoEquifaxAmazon" duration-ms="7763" started-at="2021-06-03T20:08:18Z" finished-at="2021-06-03T20:08:26Z">
          <reporter-output>
          </reporter-output>
        </test-method> <!-- DemoEquifaxAmazon -->
        <test-method status="PASS" signature="cleanUp()[pri:0, instance:amazon.AmazonTest@1a245833]" name="cleanUp" is-config="true" duration-ms="4142" started-at="2021-06-03T20:08:26Z" finished-at="2021-06-03T20:08:30Z">
          <reporter-output>
          </reporter-output>
        </test-method> <!-- cleanUp -->
      </class> <!-- amazon.AmazonTest -->
    </test> <!-- Command line test -->
  </suite> <!-- amazon.AmazonTest -->
</testng-results>
