<?xml version="1.0" encoding="UTF-8"?>
<testng-results skipped="0" failed="0" ignored="0" total="1" passed="1">
  <reporter-output>
  </reporter-output>
  <suite name="Default suite" duration-ms="6414" started-at="2021-06-03T19:39:23 CDT" finished-at="2021-06-03T19:39:29 CDT">
    <groups>
    </groups>
    <test name="Default test" duration-ms="6414" started-at="2021-06-03T19:39:23 CDT" finished-at="2021-06-03T19:39:29 CDT">
      <class name="amazon.AmazonTest">
        <test-method status="PASS" signature="startUpBrowser()[pri:0, instance:amazon.AmazonTest@7d94beb9]" name="startUpBrowser" is-config="true" duration-ms="4" started-at="2021-06-03T19:39:23 CDT" finished-at="2021-06-03T19:39:23 CDT">
          <reporter-output>
          </reporter-output>
        </test-method> <!-- startUpBrowser -->
        <test-method status="PASS" signature="goToHomePage()[pri:0, instance:amazon.AmazonTest@7d94beb9]" name="goToHomePage" is-config="true" duration-ms="1267" started-at="2021-06-03T19:39:23 CDT" finished-at="2021-06-03T19:39:24 CDT">
          <reporter-output>
          </reporter-output>
        </test-method> <!-- goToHomePage -->
        <test-method status="PASS" signature="DemoEebsiteToPractice()[pri:0, instance:amazon.AmazonTest@7d94beb9]" name="DemoEebsiteToPractice" duration-ms="5130" started-at="2021-06-03T19:39:24 CDT" finished-at="2021-06-03T19:39:29 CDT">
          <reporter-output>
          </reporter-output>
        </test-method> <!-- DemoEebsiteToPractice -->
        <test-method status="PASS" signature="cleanUp()[pri:0, instance:amazon.AmazonTest@7d94beb9]" name="cleanUp" is-config="true" duration-ms="4114" started-at="2021-06-03T19:39:29 CDT" finished-at="2021-06-03T19:39:33 CDT">
          <reporter-output>
          </reporter-output>
        </test-method> <!-- cleanUp -->
      </class> <!-- amazon.AmazonTest -->
    </test> <!-- Default test -->
  </suite> <!-- Default suite -->
</testng-results>
